build/app/intermediates/manifest_merge_blame_file/release/manifest-merger-blame-release-report.txt
1<?xml version="1.0" encoding="utf-8"?>
2<manifest xmlns:android="http://schemas.android.com/apk/res/android"
3    package="gigtodo.teamtweaks.com.gigtodo"
4    android:versionCode="9"
5    android:versionName="1.0.9" >
6
7    <uses-sdk
8        android:minSdkVersion="21"
8-->src\main\AndroidManifest.xml
9        android:targetSdkVersion="30" />
9-->src\main\AndroidManifest.xml
10    <!--
11         io.flutter.app.FlutterApplication is an android.app.Application that
12         calls FlutterMain.startInitialization(this); in its onCreate method.
13         In most cases you can leave this as-is, but you if you want to provide
14         additional functionality it is fine to subclass or reimplement
15         FlutterApplication and put your custom class here.
16    -->
17    <uses-permission android:name="android.permission.INTERNET" />
17-->src\main\AndroidManifest.xml:8:5-67
17-->src\main\AndroidManifest.xml:8:22-64
18    <uses-permission android:name="android.permission.ACCESS_NETWORK_STATE" />
18-->src\main\AndroidManifest.xml:9:5-79
18-->src\main\AndroidManifest.xml:9:22-76
19    <uses-permission android:name="android.permission.WRITE_EXTERNAL_STORAGE" />
19-->src\main\AndroidManifest.xml:10:5-81
19-->src\main\AndroidManifest.xml:10:22-78
20    <uses-permission android:name="android.permission.READ_EXTERNAL_STORAGE" />
20-->src\main\AndroidManifest.xml:11:5-80
20-->src\main\AndroidManifest.xml:11:22-77
21    <uses-permission android:name="android.permission.ACCESS_NETWORK_STATE" />
21-->src\main\AndroidManifest.xml:9:5-79
21-->src\main\AndroidManifest.xml:9:22-76
22    <uses-permission android:name="android.permission.WAKE_LOCK" /> <!-- Required by older versions of Google Play services to create IID tokens -->
22-->[:firebase_analytics] AndroidManifest.xml:9:5-68
22-->[:firebase_analytics] AndroidManifest.xml:9:22-65
23    <uses-permission android:name="com.google.android.c2dm.permission.RECEIVE" />
23-->[com.google.firebase:firebase-iid:20.3.0] AndroidManifest.xml:26:5-82
23-->[com.google.firebase:firebase-iid:20.3.0] AndroidManifest.xml:26:22-79
24    <uses-permission android:name="com.google.android.finsky.permission.BIND_GET_INSTALL_REFERRER_SERVICE" />
24-->[com.google.android.gms:play-services-measurement:17.6.0] AndroidManifest.xml:26:5-110
24-->[com.google.android.gms:play-services-measurement:17.6.0] AndroidManifest.xml:26:22-107
25
26    <application
26-->src\main\AndroidManifest.xml:14:5-62:19
27        android:name="io.flutter.app.FlutterApplication"
27-->src\main\AndroidManifest.xml:15:9-57
28        android:appComponentFactory="androidx.core.app.CoreComponentFactory"
28-->[androidx.core:core:1.3.1] AndroidManifest.xml:24:18-86
29        android:icon="@mipmap/ic_launcher"
29-->src\main\AndroidManifest.xml:17:9-43
30        android:label="GigToDo"
30-->src\main\AndroidManifest.xml:16:9-32
31        android:usesCleartextTraffic="true" >
31-->src\main\AndroidManifest.xml:18:9-44
32        <activity
32-->src\main\AndroidManifest.xml:19:9-55:20
33            android:name="gigtodo.teamtweaks.com.gigtodo.MainActivity"
33-->src\main\AndroidManifest.xml:20:13-41
34            android:configChanges="orientation|keyboardHidden|keyboard|screenSize|smallestScreenSize|locale|layoutDirection|fontScale|screenLayout|density|uiMode"
34-->src\main\AndroidManifest.xml:23:13-163
35            android:hardwareAccelerated="true"
35-->src\main\AndroidManifest.xml:24:13-47
36            android:launchMode="singleTop"
36-->src\main\AndroidManifest.xml:21:13-43
37            android:theme="@style/LaunchTheme"
37-->src\main\AndroidManifest.xml:22:13-47
38            android:windowSoftInputMode="adjustResize" >
38-->src\main\AndroidManifest.xml:25:13-55
39
40            <!--
41                 Specifies an Android theme to apply to this Activity as soon as
42                 the Android process has started. This theme is visible to the user
43                 while the Flutter UI initializes. After that, this theme continues
44                 to determine the Window background behind the Flutter UI.
45            -->
46            <meta-data
46-->src\main\AndroidManifest.xml:30:13-33:17
47                android:name="io.flutter.embedding.android.NormalTheme"
47-->src\main\AndroidManifest.xml:31:15-70
48                android:resource="@style/NormalTheme" />
48-->src\main\AndroidManifest.xml:32:15-52
49            <!--
50                 Displays an Android View that continues showing the launch screen
51                 Drawable until Flutter paints its first frame, then this splash
52                 screen fades out. A splash screen is useful to avoid any visual
53                 gap between the end of Android's launch screen and the painting of
54                 Flutter's first frame.
55            -->
56            <meta-data
56-->src\main\AndroidManifest.xml:39:13-42:17
57                android:name="io.flutter.embedding.android.SplashScreenDrawable"
57-->src\main\AndroidManifest.xml:40:15-79
58                android:resource="@drawable/launch_background" />
58-->src\main\AndroidManifest.xml:41:15-61
59
60            <intent-filter>
60-->src\main\AndroidManifest.xml:43:13-46:29
61                <action android:name="android.intent.action.MAIN" />
61-->src\main\AndroidManifest.xml:44:17-68
61-->src\main\AndroidManifest.xml:44:25-66
62
63                <category android:name="android.intent.category.LAUNCHER" />
63-->src\main\AndroidManifest.xml:45:17-76
63-->src\main\AndroidManifest.xml:45:27-74
64            </intent-filter>
65            <intent-filter>
65-->src\main\AndroidManifest.xml:47:13-50:29
66                <action android:name="FLUTTER_NOTIFICATION_CLICK" />
66-->src\main\AndroidManifest.xml:48:17-69
66-->src\main\AndroidManifest.xml:48:25-66
67
68                <category android:name="android.intent.category.DEFAULT" />
68-->src\main\AndroidManifest.xml:49:17-76
68-->src\main\AndroidManifest.xml:49:27-73
69            </intent-filter>
70            <intent-filter>
70-->src\main\AndroidManifest.xml:51:13-54:29
71                <action android:name="FLUTTER_NOTIFICATION_CLICK_inbox" />
71-->src\main\AndroidManifest.xml:52:17-75
71-->src\main\AndroidManifest.xml:52:25-72
72
73                <category android:name="android.intent.category.DEFAULT" />
73-->src\main\AndroidManifest.xml:49:17-76
73-->src\main\AndroidManifest.xml:49:27-73
74            </intent-filter>
75        </activity>
76        <!--
77             Don't delete the meta-data below.
78             This is used by the Flutter tool to generate GeneratedPluginRegistrant.java
79        -->
80        <meta-data
80-->src\main\AndroidManifest.xml:58:9-60:33
81            android:name="flutterEmbedding"
81-->src\main\AndroidManifest.xml:59:13-44
82            android:value="2" />
82-->src\main\AndroidManifest.xml:60:13-30
83
84        <service
84-->[:firebase_analytics] AndroidManifest.xml:12:9-16:19
85            android:name="com.google.firebase.components.ComponentDiscoveryService"
85-->[:firebase_analytics] AndroidManifest.xml:12:18-89
86            android:directBootAware="true"
86-->[com.google.firebase:firebase-common:19.3.0] AndroidManifest.xml:34:13-43
87            android:exported="false" >
87-->[com.google.firebase:firebase-messaging:20.3.0] AndroidManifest.xml:38:13-37
88            <meta-data
88-->[:firebase_analytics] AndroidManifest.xml:13:13-15:85
89                android:name="com.google.firebase.components:io.flutter.plugins.firebaseanalytics.FlutterFirebaseAppRegistrar"
89-->[:firebase_analytics] AndroidManifest.xml:14:17-127
90                android:value="com.google.firebase.components.ComponentRegistrar" />
90-->[:firebase_analytics] AndroidManifest.xml:15:17-82
91            <meta-data
91-->[:firebase_core] AndroidManifest.xml:9:13-11:85
92                android:name="com.google.firebase.components:io.flutter.plugins.firebase.core.FlutterFirebaseCoreRegistrar"
92-->[:firebase_core] AndroidManifest.xml:10:17-124
93                android:value="com.google.firebase.components.ComponentRegistrar" />
93-->[:firebase_core] AndroidManifest.xml:11:17-82
94            <meta-data
94-->[:firebase_messaging] AndroidManifest.xml:14:13-16:85
95                android:name="com.google.firebase.components:io.flutter.plugins.firebasemessaging.FlutterFirebaseAppRegistrar"
95-->[:firebase_messaging] AndroidManifest.xml:15:17-127
96                android:value="com.google.firebase.components.ComponentRegistrar" />
96-->[:firebase_messaging] AndroidManifest.xml:16:17-82
97            <meta-data
97-->[com.google.firebase:firebase-messaging:20.3.0] AndroidManifest.xml:39:13-41:85
98                android:name="com.google.firebase.components:com.google.firebase.messaging.FirebaseMessagingRegistrar"
98-->[com.google.firebase:firebase-messaging:20.3.0] AndroidManifest.xml:40:17-119
99                android:value="com.google.firebase.components.ComponentRegistrar" />
99-->[com.google.firebase:firebase-messaging:20.3.0] AndroidManifest.xml:41:17-82
100            <meta-data
100-->[com.google.firebase:firebase-iid:20.3.0] AndroidManifest.xml:32:13-34:85
101                android:name="com.google.firebase.components:com.google.firebase.iid.Registrar"
101-->[com.google.firebase:firebase-iid:20.3.0] AndroidManifest.xml:33:17-96
102                android:value="com.google.firebase.components.ComponentRegistrar" />
102-->[com.google.firebase:firebase-iid:20.3.0] AndroidManifest.xml:34:17-82
103            <meta-data
103-->[com.google.android.gms:play-services-measurement-api:17.6.0] AndroidManifest.xml:30:13-32:85
104                android:name="com.google.firebase.components:com.google.firebase.analytics.connector.internal.AnalyticsConnectorRegistrar"
104-->[com.google.android.gms:play-services-measurement-api:17.6.0] AndroidManifest.xml:31:17-139
105                android:value="com.google.firebase.components.ComponentRegistrar" />
105-->[com.google.android.gms:play-services-measurement-api:17.6.0] AndroidManifest.xml:32:17-82
106            <meta-data
106-->[com.google.firebase:firebase-datatransport:17.0.3] AndroidManifest.xml:28:13-30:85
107                android:name="com.google.firebase.components:com.google.firebase.datatransport.TransportRegistrar"
107-->[com.google.firebase:firebase-datatransport:17.0.3] AndroidManifest.xml:29:17-115
108                android:value="com.google.firebase.components.ComponentRegistrar" />
108-->[com.google.firebase:firebase-datatransport:17.0.3] AndroidManifest.xml:30:17-82
109            <meta-data
109-->[com.google.firebase:firebase-installations:16.3.3] AndroidManifest.xml:17:13-19:85
110                android:name="com.google.firebase.components:com.google.firebase.installations.FirebaseInstallationsRegistrar"
110-->[com.google.firebase:firebase-installations:16.3.3] AndroidManifest.xml:18:17-127
111                android:value="com.google.firebase.components.ComponentRegistrar" />
111-->[com.google.firebase:firebase-installations:16.3.3] AndroidManifest.xml:19:17-82
112        </service>
113
114        <activity
114-->[:flutter_inappwebview] AndroidManifest.xml:8:9-11:47
115            android:name="com.pichillilorenzo.flutter_inappwebview.InAppBrowser.InAppBrowserActivity"
115-->[:flutter_inappwebview] AndroidManifest.xml:9:13-102
116            android:configChanges="orientation|screenSize"
116-->[:flutter_inappwebview] AndroidManifest.xml:10:13-59
117            android:theme="@style/AppTheme" />
117-->[:flutter_inappwebview] AndroidManifest.xml:11:13-44
118        <activity
118-->[:flutter_inappwebview] AndroidManifest.xml:12:9-15:55
119            android:name="com.pichillilorenzo.flutter_inappwebview.ChromeCustomTabs.ChromeCustomTabsActivity"
119-->[:flutter_inappwebview] AndroidManifest.xml:13:13-110
120            android:configChanges="orientation|screenSize"
120-->[:flutter_inappwebview] AndroidManifest.xml:14:13-59
121            android:theme="@style/ThemeTransparent" />
121-->[:flutter_inappwebview] AndroidManifest.xml:15:13-52
122
123        <receiver android:name="com.pichillilorenzo.flutter_inappwebview.ChromeCustomTabs.ActionBroadcastReceiver" />
123-->[:flutter_inappwebview] AndroidManifest.xml:17:9-118
123-->[:flutter_inappwebview] AndroidManifest.xml:17:19-115
124
125        <provider
125-->[:share] AndroidManifest.xml:8:9-16:20
126            android:name="io.flutter.plugins.share.ShareFileProvider"
126-->[:share] AndroidManifest.xml:9:13-70
127            android:authorities="gigtodo.teamtweaks.com.gigtodo.flutter.share_provider"
127-->[:share] AndroidManifest.xml:10:13-74
128            android:exported="false"
128-->[:share] AndroidManifest.xml:11:13-37
129            android:grantUriPermissions="true" >
129-->[:share] AndroidManifest.xml:12:13-47
130            <meta-data
130-->[:share] AndroidManifest.xml:13:13-15:68
131                android:name="android.support.FILE_PROVIDER_PATHS"
131-->[:share] AndroidManifest.xml:14:17-67
132                android:resource="@xml/flutter_share_file_paths" />
132-->[:share] AndroidManifest.xml:15:17-65
133        </provider>
134
135        <service android:name="io.flutter.plugins.firebasemessaging.FlutterFirebaseMessagingService" >
135-->[:firebase_messaging] AndroidManifest.xml:8:9-12:19
135-->[:firebase_messaging] AndroidManifest.xml:8:18-101
136            <intent-filter>
136-->[:firebase_messaging] AndroidManifest.xml:9:13-11:29
137                <action android:name="com.google.firebase.MESSAGING_EVENT" />
137-->[:firebase_messaging] AndroidManifest.xml:10:17-78
137-->[:firebase_messaging] AndroidManifest.xml:10:25-75
138            </intent-filter>
139        </service>
140        <!--
141             FirebaseMessagingService performs security checks at runtime,
142             but set to not exported to explicitly avoid allowing another app to call it.
143        -->
144        <service
144-->[com.google.firebase:firebase-messaging:20.3.0] AndroidManifest.xml:28:9-35:19
145            android:name="com.google.firebase.messaging.FirebaseMessagingService"
145-->[com.google.firebase:firebase-messaging:20.3.0] AndroidManifest.xml:29:13-82
146            android:directBootAware="true"
146-->[com.google.firebase:firebase-messaging:20.3.0] AndroidManifest.xml:30:13-43
147            android:exported="false" >
147-->[com.google.firebase:firebase-messaging:20.3.0] AndroidManifest.xml:31:13-37
148            <intent-filter android:priority="-500" >
148-->[:firebase_messaging] AndroidManifest.xml:9:13-11:29
149                <action android:name="com.google.firebase.MESSAGING_EVENT" />
149-->[:firebase_messaging] AndroidManifest.xml:10:17-78
149-->[:firebase_messaging] AndroidManifest.xml:10:25-75
150            </intent-filter>
151        </service>
152
153        <receiver
153-->[com.google.firebase:firebase-iid:20.3.0] AndroidManifest.xml:37:9-44:20
154            android:name="com.google.firebase.iid.FirebaseInstanceIdReceiver"
154-->[com.google.firebase:firebase-iid:20.3.0] AndroidManifest.xml:38:13-78
155            android:exported="true"
155-->[com.google.firebase:firebase-iid:20.3.0] AndroidManifest.xml:39:13-36
156            android:permission="com.google.android.c2dm.permission.SEND" >
156-->[com.google.firebase:firebase-iid:20.3.0] AndroidManifest.xml:40:13-73
157            <intent-filter>
157-->[com.google.firebase:firebase-iid:20.3.0] AndroidManifest.xml:41:13-43:29
158                <action android:name="com.google.android.c2dm.intent.RECEIVE" />
158-->[com.google.firebase:firebase-iid:20.3.0] AndroidManifest.xml:42:17-81
158-->[com.google.firebase:firebase-iid:20.3.0] AndroidManifest.xml:42:25-78
159            </intent-filter>
160        </receiver>
161        <receiver
161-->[com.google.android.gms:play-services-measurement:17.6.0] AndroidManifest.xml:29:9-33:20
162            android:name="com.google.android.gms.measurement.AppMeasurementReceiver"
162-->[com.google.android.gms:play-services-measurement:17.6.0] AndroidManifest.xml:30:13-85
163            android:enabled="true"
163-->[com.google.android.gms:play-services-measurement:17.6.0] AndroidManifest.xml:31:13-35
164            android:exported="false" >
164-->[com.google.android.gms:play-services-measurement:17.6.0] AndroidManifest.xml:32:13-37
165        </receiver>
166
167        <service
167-->[com.google.android.gms:play-services-measurement:17.6.0] AndroidManifest.xml:35:9-38:40
168            android:name="com.google.android.gms.measurement.AppMeasurementService"
168-->[com.google.android.gms:play-services-measurement:17.6.0] AndroidManifest.xml:36:13-84
169            android:enabled="true"
169-->[com.google.android.gms:play-services-measurement:17.6.0] AndroidManifest.xml:37:13-35
170            android:exported="false" />
170-->[com.google.android.gms:play-services-measurement:17.6.0] AndroidManifest.xml:38:13-37
171        <service
171-->[com.google.android.gms:play-services-measurement:17.6.0] AndroidManifest.xml:39:9-43:72
172            android:name="com.google.android.gms.measurement.AppMeasurementJobService"
172-->[com.google.android.gms:play-services-measurement:17.6.0] AndroidManifest.xml:40:13-87
173            android:enabled="true"
173-->[com.google.android.gms:play-services-measurement:17.6.0] AndroidManifest.xml:41:13-35
174            android:exported="false"
174-->[com.google.android.gms:play-services-measurement:17.6.0] AndroidManifest.xml:42:13-37
175            android:permission="android.permission.BIND_JOB_SERVICE" />
175-->[com.google.android.gms:play-services-measurement:17.6.0] AndroidManifest.xml:43:13-69
176
177        <provider
177-->[com.google.firebase:firebase-common:19.3.0] AndroidManifest.xml:26:9-30:39
178            android:name="com.google.firebase.provider.FirebaseInitProvider"
178-->[com.google.firebase:firebase-common:19.3.0] AndroidManifest.xml:27:13-77
179            android:authorities="gigtodo.teamtweaks.com.gigtodo.firebaseinitprovider"
179-->[com.google.firebase:firebase-common:19.3.0] AndroidManifest.xml:28:13-72
180            android:exported="false"
180-->[com.google.firebase:firebase-common:19.3.0] AndroidManifest.xml:29:13-37
181            android:initOrder="100" />
181-->[com.google.firebase:firebase-common:19.3.0] AndroidManifest.xml:30:13-36
182
183        <activity
183-->[com.google.android.gms:play-services-base:17.0.0] AndroidManifest.xml:23:9-26:75
184            android:name="com.google.android.gms.common.api.GoogleApiActivity"
184-->[com.google.android.gms:play-services-base:17.0.0] AndroidManifest.xml:24:13-79
185            android:exported="false"
185-->[com.google.android.gms:play-services-base:17.0.0] AndroidManifest.xml:25:13-37
186            android:theme="@android:style/Theme.Translucent.NoTitleBar" />
186-->[com.google.android.gms:play-services-base:17.0.0] AndroidManifest.xml:26:13-72
187
188        <meta-data
188-->[com.google.android.gms:play-services-basement:17.0.0] AndroidManifest.xml:23:9-25:69
189            android:name="com.google.android.gms.version"
189-->[com.google.android.gms:play-services-basement:17.0.0] AndroidManifest.xml:24:13-58
190            android:value="@integer/google_play_services_version" />
190-->[com.google.android.gms:play-services-basement:17.0.0] AndroidManifest.xml:25:13-66
191
192        <service
192-->[com.google.android.datatransport:transport-backend-cct:2.2.0] AndroidManifest.xml:29:9-35:19
193            android:name="com.google.android.datatransport.runtime.backends.TransportBackendDiscovery"
193-->[com.google.android.datatransport:transport-backend-cct:2.2.0] AndroidManifest.xml:30:13-103
194            android:exported="false" >
194-->[com.google.android.datatransport:transport-backend-cct:2.2.0] AndroidManifest.xml:31:13-37
195            <meta-data
195-->[com.google.android.datatransport:transport-backend-cct:2.2.0] AndroidManifest.xml:32:13-34:39
196                android:name="backend:com.google.android.datatransport.cct.CctBackendFactory"
196-->[com.google.android.datatransport:transport-backend-cct:2.2.0] AndroidManifest.xml:33:17-94
197                android:value="cct" />
197-->[com.google.android.datatransport:transport-backend-cct:2.2.0] AndroidManifest.xml:34:17-36
198        </service>
199        <service
199-->[com.google.android.datatransport:transport-runtime:2.2.0] AndroidManifest.xml:26:9-30:19
200            android:name="com.google.android.datatransport.runtime.scheduling.jobscheduling.JobInfoSchedulerService"
200-->[com.google.android.datatransport:transport-runtime:2.2.0] AndroidManifest.xml:27:13-117
201            android:exported="false"
201-->[com.google.android.datatransport:transport-runtime:2.2.0] AndroidManifest.xml:28:13-37
202            android:permission="android.permission.BIND_JOB_SERVICE" >
202-->[com.google.android.datatransport:transport-runtime:2.2.0] AndroidManifest.xml:29:13-69
203        </service>
204
205        <receiver
205-->[com.google.android.datatransport:transport-runtime:2.2.0] AndroidManifest.xml:32:9-34:40
206            android:name="com.google.android.datatransport.runtime.scheduling.jobscheduling.AlarmManagerSchedulerBroadcastReceiver"
206-->[com.google.android.datatransport:transport-runtime:2.2.0] AndroidManifest.xml:33:13-132
207            android:exported="false" />
207-->[com.google.android.datatransport:transport-runtime:2.2.0] AndroidManifest.xml:34:13-37
208    </application>
209
210</manifest>